<?xml version="1.0" encoding="UTF-8"?>
<!-- Generated by org.testng.reporters.JUnitXMLReporter -->
<testsuite hostname="LAPTOP-AUG5HGQL" ignored="0" name="Default test" tests="8" failures="0" timestamp="25 Oct 2020 19:59:14 GMT" time="0.087" errors="0">
  <testcase name="Click_Next_Button" time="0.024" classname="tests.TestCase1"/>
  <testcase name="Click_Signup_Link" time="0.003" classname="tests.TestCase1"/>
  <testcase name="Enter_Password" time="0.001" classname="tests.TestCase1"/>
  <testcase name="Enter_Username" time="0.002" classname="tests.TestCase1"/>
  <testcase name="GoTo_Gmail" time="0.0" classname="tests.TestCase1"/>
  <testcase name="Launching_URL" time="0.002" classname="tests.TestCase1"/>
  <testcase name="Navigate_HomePage" time="0.001" classname="tests.TestCase1"/>
  <testcase name="Open_Browser" time="0.001" classname="tests.TestCase1"/>
</testsuite> <!-- Default test -->
